<?xml version="1.0" encoding="UTF-8"?>
<!-- Generated by org.testng.reporters.JUnitReportReporter -->
<testsuite hostname="DESKTOP-H47J22D" failures="0" tests="1" name="JagrutiTC.JagrutiTC" time="29.700" errors="0" timestamp="2022-08-01T13:23:39 IST" skipped="0">
  <testcase classname="JagrutiTC.JagrutiTC" name="clickOnNeedDiamondProduct" time="29.700"/>
  <system-out/>
</testsuite> <!-- JagrutiTC.JagrutiTC -->
