<?xml version="1.0" encoding="UTF-8"?>
<!-- Generated by org.testng.reporters.JUnitReportReporter -->
<<<<<<< HEAD
<testsuite hostname="DESKTOP-H47J22D" failures="0" tests="1" name="JagrutiTC.JagrutiTC" time="29.700" errors="0" timestamp="2022-08-01T13:23:39 IST" skipped="0">
  <testcase classname="JagrutiTC.JagrutiTC" name="clickOnNeedDiamondProduct" time="29.700"/>
=======
<testsuite hostname="DESKTOP-96KR4N3" failures="0" tests="1" name="JagrutiTC.JagrutiTC" time="16.732" errors="0" timestamp="2022-08-01T15:29:28 IST" skipped="0">
  <testcase classname="JagrutiTC.JagrutiTC" name="clickOnMainDiamondProduct" time="16.732"/>
>>>>>>> 7ce3f2bdfcfcf18d5a31f20239a8feee956abfce
  <system-out/>
</testsuite> <!-- JagrutiTC.JagrutiTC -->
