<?xml version="1.0" encoding="UTF-8"?>
<!-- Generated by org.testng.reporters.JUnitReportReporter -->
<testsuite hostname="DESKTOP-96KR4N3" failures="0" tests="1" name="JagrutiTC.JagrutiTC" time="16.732" errors="0" timestamp="2022-08-01T15:29:28 IST" skipped="0">
  <testcase classname="JagrutiTC.JagrutiTC" name="clickOnMainDiamondProduct" time="16.732"/>
  <system-out/>
</testsuite> <!-- JagrutiTC.JagrutiTC -->
