<?xml version="1.0" encoding="UTF-8"?>
<!-- Generated by org.testng.reporters.JUnitReportReporter -->
<testsuite hostname="DESKTOP-96KR4N3" failures="0" tests="1" name="JagrutiTC.JagrutiTC" time="21.821" errors="0" timestamp="2022-07-26T14:30:55 IST" skipped="0">
  <testcase classname="JagrutiTC.JagrutiTC" name="ClickOnDiamondProd" time="21.821"/>
  <system-out/>
</testsuite> <!-- JagrutiTC.JagrutiTC -->
