<?xml version="1.0" encoding="UTF-8"?>
<!-- Generated by org.testng.reporters.JUnitReportReporter -->
<testsuite hostname="DESKTOP-H47J22D" failures="0" tests="1" name="yogitaTC.TestCases" time="31.470" errors="0" timestamp="2022-08-02T17:33:08 IST" skipped="0">
  <testcase classname="yogitaTC.TestCases" name="allCategories" time="31.470"/>
  <system-out/>
</testsuite> <!-- yogitaTC.TestCases -->
