<?xml version="1.0" encoding="UTF-8"?>
<!-- Generated by org.testng.reporters.JUnitReportReporter -->
<<<<<<< HEAD
<testsuite hostname="DESKTOP-H47J22D" failures="0" tests="1" name="yogitaTC.TestCases" time="31.470" errors="0" timestamp="2022-08-02T17:33:08 IST" skipped="0">
  <testcase classname="yogitaTC.TestCases" name="allCategories" time="31.470"/>
=======
<testsuite hostname="DESKTOP-96KR4N3" failures="0" tests="1" name="yogitaTC.TestCases" time="0.013" errors="0" timestamp="2022-07-29T14:09:48 IST" skipped="0">
  <testcase classname="yogitaTC.TestCases" name="testcase1" time="0.013"/>
>>>>>>> 7ce3f2bdfcfcf18d5a31f20239a8feee956abfce
  <system-out/>
</testsuite> <!-- yogitaTC.TestCases -->
