<?xml version="1.0" encoding="UTF-8"?>
<!-- Generated by org.testng.reporters.JUnitReportReporter -->
<testsuite hostname="DESKTOP-96KR4N3" failures="0" tests="1" name="yogitaTC.TestCases" time="0.013" errors="0" timestamp="2022-07-29T14:09:48 IST" skipped="0">
  <testcase classname="yogitaTC.TestCases" name="testcase1" time="0.013"/>
  <system-out/>
</testsuite> <!-- yogitaTC.TestCases -->
