<?xml version="1.0" encoding="UTF-8"?>
<!-- Generated by org.testng.reporters.JUnitReportReporter -->
<testsuite hostname="DESKTOP-3B05T6A" failures="0" tests="1" name="BhagyashriTC.ClassTest1" time="1143.924" errors="0" timestamp="2022-07-27T17:33:23 IST" skipped="0">
  <testcase classname="BhagyashriTC.ClassTest1" name="m1" time="1143.924"/>
  <system-out/>
</testsuite> <!-- BhagyashriTC.ClassTest1 -->
